---- STDOUT ----
This is XeTeX, Version 3.141592653-2.6-0.999994 (TeX Live 2022/Debian) (preloaded format=xelatex)
 restricted \write18 enabled.
entering extended mode
(./Results_refined.tex
LaTeX2e <2022-11-01> patch level 1
L3 programming layer <2023-01-16>
(/usr/share/texlive/texmf-dist/tex/latex/base/article.cls
Document Class: article 2022/07/02 v1.4n Standard LaTeX document class
(/usr/share/texlive/texmf-dist/tex/latex/base/size10.clo))
(/usr/share/texlive/texmf-dist/tex/latex/amsmath/amsmath.sty
For additional information on amsmath, use the `?' option.
(/usr/share/texlive/texmf-dist/tex/latex/amsmath/amstext.sty
(/usr/share/texlive/texmf-dist/tex/latex/amsmath/amsgen.sty))
(/usr/share/texlive/texmf-dist/tex/latex/amsmath/amsbsy.sty)
(/usr/share/texlive/texmf-dist/tex/latex/amsmath/amsopn.sty))
(/usr/share/texlive/texmf-dist/tex/latex/multirow/multirow.sty)
(/usr/share/texlive/texmf-dist/tex/latex/natbib/natbib.sty)
(/usr/share/texlive/texmf-dist/tex/latex/graphics/graphicx.sty
(/usr/share/texlive/texmf-dist/tex/latex/graphics/keyval.sty)
(/usr/share/texlive/texmf-dist/tex/latex/graphics/graphics.sty
(/usr/share/texlive/texmf-dist/tex/latex/graphics/trig.sty)
(/usr/share/texlive/texmf-dist/tex/latex/graphics-cfg/graphics.cfg)
(/usr/share/texlive/texmf-dist/tex/latex/graphics-def/xetex.def)))
(/usr/share/texlive/texmf-dist/tex/latex/l3backend/l3backend-xetex.def)
No file Results_refined.aux.
(/usr/share/texlive/texmf-dist/tex/latex/base/ts1cmr.fd)

LaTeX Warning: Reference `fig:lca_selection' on page 1 undefined on input line 
14.

[1]

LaTeX Warning: Reference `tab:lca_probs' on page 2 undefined on input line 30.


LaTeX Warning: Reference `fig:factor_loadings' on page 2 undefined on input lin
e 55.


LaTeX Warning: `!h' float specifier changed to `!ht'.


LaTeX Warning: Reference `fig:elastic_net' on page 2 undefined on input line 69
.

[2]

LaTeX Warning: `!h' float specifier changed to `!ht'.

[3]

LaTeX Warning: Reference `fig:odds_ratios' on page 4 undefined on input line 81
.


LaTeX Warning: `!h' float specifier changed to `!ht'.

[4]

LaTeX Warning: Reference `fig:policy_sim' on page 5 undefined on input line 95.



LaTeX Warning: `!h' float specifier changed to `!ht'.

[5]
! Missing $ inserted.
<inserted text> 
                $
l.107 ...dds ratio for employee involvement (`QKB_
                                                  2_11`) was highly consiste...

? ! Double subscript.
l.107 ...s ratio for employee involvement (`QKB_2_
                                                  11`) was highly consistent...

? 
! Emergency stop.
l.107 
      
Output written on Results_refined.pdf (5 pages).
Transcript written on Results_refined.log.
---- STDERR ----
